# JRE version: OpenJDK Runtime Environment (21.0.5) (build 21.0.5+-12932927-b750.29)
# Java VM: OpenJDK 64-Bit Server VM (21.0.5+-12932927-b750.29, mixed mode, tiered, compressed oops, compressed class ptrs, g1 gc, windows-amd64)
GC Precious Log:
 CardTable entry size: 512
 Card Set container configuration: InlinePtr #cards 4 size 8 Array Of Cards #cards 32 size 80 Howl #buckets 8 coarsen threshold 7372 Howl Bitmap #cards 1024 size 144 coarsen threshold 921 Card regions per heap region 1 cards per card region 8192
 CPUs: 4 total, 4 available
 Memory: 3988M
 Large Page Support: Disabled
 NUMA Support: Disabled
 Compressed Oops: Enabled (Zero based)
 Heap Region Size: 4M
 Heap Min Capacity: 8M
 Heap Initial Capacity: 64M
 Heap Max Capacity: 8G
 Pre-touch: Disabled
 Parallel Workers: 4
 Concurrent Workers: 1
 Concurrent Refinement Workers: 4
 Periodic GC: Disabled
Heap:
 garbage-first heap   total 1470464K, used 304020K [0x0000000600000000, 0x0000000800000000)
  region size 4096K, 2 young (8192K), 2 survivors (8192K)
 Metaspace       used 173571K, committed 176064K, reserved 1245184K
  class space    used 21569K, committed 22848K, reserved 1048576K
GC Heap History (20 events):
Event: 249.785 GC heap after
{Heap after GC invocations=127 (full 0):
 garbage-first heap   total 974848K, used 211622K [0x0000000600000000, 0x0000000800000000)
  region size 4096K, 8 young (32768K), 8 survivors (32768K)
 Metaspace       used 170849K, committed 173312K, reserved 1245184K
  class space    used 21359K, committed 22592K, reserved 1048576K
}
Event: 252.097 GC heap before
{Heap before GC invocations=127 (full 0):
 garbage-first heap   total 974848K, used 760486K [0x0000000600000000, 0x0000000800000000)
  region size 4096K, 142 young (581632K), 8 survivors (32768K)
 Metaspace       used 170853K, committed 173312K, reserved 1245184K
  class space    used 21359K, committed 22592K, reserved 1048576K
}
Event: 252.131 GC heap after
{Heap after GC invocations=128 (full 0):
 garbage-first heap   total 974848K, used 214778K [0x0000000600000000, 0x0000000800000000)
  region size 4096K, 9 young (36864K), 9 survivors (36864K)
 Metaspace       used 170853K, committed 173312K, reserved 1245184K
  class space    used 21359K, committed 22592K, reserved 1048576K
}
Event: 468.961 GC heap before
{Heap before GC invocations=128 (full 0):
 garbage-first heap   total 974848K, used 755450K [0x0000000600000000, 0x0000000800000000)
  region size 4096K, 142 young (581632K), 9 survivors (36864K)
 Metaspace       used 173164K, committed 175680K, reserved 1245184K
  class space    used 21554K, committed 22848K, reserved 1048576K
}
Event: 469.127 GC heap after
{Heap after GC invocations=129 (full 0):
 garbage-first heap   total 974848K, used 223474K [0x0000000600000000, 0x0000000800000000)
  region size 4096K, 11 young (45056K), 11 survivors (45056K)
 Metaspace       used 173164K, committed 175680K, reserved 1245184K
  class space    used 21554K, committed 22848K, reserved 1048576K
}
Event: 471.912 GC heap before
{Heap before GC invocations=129 (full 0):
 garbage-first heap   total 974848K, used 760050K [0x0000000600000000, 0x0000000800000000)
  region size 4096K, 142 young (581632K), 11 survivors (45056K)
 Metaspace       used 173352K, committed 175872K, reserved 1245184K
  class space    used 21561K, committed 22848K, reserved 1048576K
}
Event: 472.033 GC heap after
{Heap after GC invocations=130 (full 0):
 garbage-first heap   total 974848K, used 240777K [0x0000000600000000, 0x0000000800000000)
  region size 4096K, 14 young (57344K), 14 survivors (57344K)
 Metaspace       used 173352K, committed 175872K, reserved 1245184K
  class space    used 21561K, committed 22848K, reserved 1048576K
}
Event: 474.373 GC heap before
{Heap before GC invocations=130 (full 0):
 garbage-first heap   total 974848K, used 769161K [0x0000000600000000, 0x0000000800000000)
  region size 4096K, 142 young (581632K), 14 survivors (57344K)
 Metaspace       used 173379K, committed 175936K, reserved 1245184K
  class space    used 21563K, committed 22848K, reserved 1048576K
}
Event: 474.557 GC heap after
{Heap after GC invocations=131 (full 0):
 garbage-first heap   total 974848K, used 260112K [0x0000000600000000, 0x0000000800000000)
  region size 4096K, 13 young (53248K), 13 survivors (53248K)
 Metaspace       used 173379K, committed 175936K, reserved 1245184K
  class space    used 21563K, committed 22848K, reserved 1048576K
}
Event: 478.192 GC heap before
{Heap before GC invocations=131 (full 0):
 garbage-first heap   total 974848K, used 784400K [0x0000000600000000, 0x0000000800000000)
  region size 4096K, 142 young (581632K), 13 survivors (53248K)
 Metaspace       used 173504K, committed 176000K, reserved 1245184K
  class space    used 21564K, committed 22848K, reserved 1048576K
}
Event: 478.555 GC heap after
{Heap after GC invocations=132 (full 0):
 garbage-first heap   total 974848K, used 290111K [0x0000000600000000, 0x0000000800000000)
  region size 4096K, 17 young (69632K), 17 survivors (69632K)
 Metaspace       used 173504K, committed 176000K, reserved 1245184K
  class space    used 21564K, committed 22848K, reserved 1048576K
}
Event: 479.854 GC heap before
{Heap before GC invocations=132 (full 0):
 garbage-first heap   total 974848K, used 458047K [0x0000000600000000, 0x0000000800000000)
  region size 4096K, 58 young (237568K), 17 survivors (69632K)
 Metaspace       used 173515K, committed 176000K, reserved 1245184K
  class space    used 21565K, committed 22848K, reserved 1048576K
}
Event: 480.124 GC heap after
{Heap after GC invocations=133 (full 0):
 garbage-first heap   total 1470464K, used 296598K [0x0000000600000000, 0x0000000800000000)
  region size 4096K, 2 young (8192K), 2 survivors (8192K)
 Metaspace       used 173515K, committed 176000K, reserved 1245184K
  class space    used 21565K, committed 22848K, reserved 1048576K
}
Event: 487.473 GC heap before
{Heap before GC invocations=133 (full 0):
 garbage-first heap   total 1470464K, used 1164950K [0x0000000600000000, 0x0000000800000000)
  region size 4096K, 215 young (880640K), 2 survivors (8192K)
 Metaspace       used 173560K, committed 176064K, reserved 1245184K
  class space    used 21568K, committed 22848K, reserved 1048576K
}
Event: 487.848 GC heap after
{Heap after GC invocations=134 (full 0):
 garbage-first heap   total 1470464K, used 300259K [0x0000000600000000, 0x0000000800000000)
  region size 4096K, 3 young (12288K), 3 survivors (12288K)
 Metaspace       used 173560K, committed 176064K, reserved 1245184K
  class space    used 21568K, committed 22848K, reserved 1048576K
}
Event: 487.970 GC heap before
{Heap before GC invocations=134 (full 0):
 garbage-first heap   total 1470464K, used 353507K [0x0000000600000000, 0x0000000800000000)
  region size 4096K, 17 young (69632K), 3 survivors (12288K)
 Metaspace       used 173560K, committed 176064K, reserved 1245184K
  class space    used 21568K, committed 22848K, reserved 1048576K
}
Event: 488.095 GC heap after
{Heap after GC invocations=135 (full 0):
 garbage-first heap   total 1470464K, used 299888K [0x0000000600000000, 0x0000000800000000)
  region size 4096K, 1 young (4096K), 1 survivors (4096K)
 Metaspace       used 173560K, committed 176064K, reserved 1245184K
  class space    used 21568K, committed 22848K, reserved 1048576K
}
Event: 488.634 GC heap before
{Heap before GC invocations=135 (full 0):
 garbage-first heap   total 1470464K, used 463728K [0x0000000600000000, 0x0000000800000000)
  region size 4096K, 42 young (172032K), 1 survivors (4096K)
 Metaspace       used 173566K, committed 176064K, reserved 1245184K
  class space    used 21569K, committed 22848K, reserved 1048576K
}
Event: 488.686 GC heap after
{Heap after GC invocations=136 (full 0):
 garbage-first heap   total 1470464K, used 302129K [0x0000000600000000, 0x0000000800000000)
  region size 4096K, 2 young (8192K), 2 survivors (8192K)
 Metaspace       used 173566K, committed 176064K, reserved 1245184K
  class space    used 21569K, committed 22848K, reserved 1048576K
}
Event: 489.261 GC heap before
{Heap before GC invocations=136 (full 0):
 garbage-first heap   total 1470464K, used 478257K [0x0000000600000000, 0x0000000800000000)
  region size 4096K, 45 young (184320K), 2 survivors (8192K)
 Metaspace       used 173571K, committed 176064K, reserved 1245184K
  class space    used 21569K, committed 22848K, reserved 1048576K
}

